Log file open, 01/28/19 13:13:38
LogWindows: Failed to load 'aqProf.dll' (GetLastError=126)
LogWindows: File 'aqProf.dll' does not exist
LogWindows: Failed to load 'VtuneApi.dll' (GetLastError=126)
LogWindows: File 'VtuneApi.dll' does not exist
LogWindows: Failed to load 'VtuneApi32e.dll' (GetLastError=126)
LogWindows: File 'VtuneApi32e.dll' does not exist
LogConsoleResponse: Display: Failed to find resolution value strings in scalability ini. Falling back to default.
LogInit: Display: Running engine for game: IL_AssetPipeline_001
LogPakFile: Registered encryption key '00000000000000000000000000000000': 0 pak files mounted, 0 remain pending
LogPlatformFile: Not using cached read wrapper
LogTaskGraph: Started task graph with 5 named threads and 23 total threads with 3 sets of task threads.
LogStats: Stats thread started at 1.058278
LogD3D11RHI: Loaded GFSDK_Aftermath_Lib.x64.dll
LogICUInternationalization: ICU TimeZone Detection - Raw Offset: -7:00, Platform Override: ''
LogPluginManager: Mounting plugin Paper2D
LogPluginManager: Mounting plugin AISupport
LogPluginManager: Mounting plugin LightPropagationVolume
LogPluginManager: Mounting plugin ActorLayerUtilities
LogPluginManager: Mounting plugin CLionSourceCodeAccess
LogPluginManager: Mounting plugin CodeLiteSourceCodeAccess
LogPluginManager: Mounting plugin GitSourceControl
LogPluginManager: Mounting plugin KDevelopSourceCodeAccess
LogPluginManager: Mounting plugin NullSourceCodeAccess
LogPluginManager: Mounting plugin PerforceSourceControl
LogPluginManager: Mounting plugin SubversionSourceControl
LogPluginManager: Mounting plugin UObjectPlugin
LogPluginManager: Mounting plugin VisualStudioCodeSourceCodeAccess
LogPluginManager: Mounting plugin VisualStudioSourceCodeAccess
LogPluginManager: Mounting plugin XCodeSourceCodeAccess
LogPluginManager: Mounting plugin AssetManagerEditor
LogPluginManager: Mounting plugin CryptoKeys
LogPluginManager: Mounting plugin DataValidation
LogPluginManager: Mounting plugin FacialAnimation
LogPluginManager: Mounting plugin GameplayTagsEditor
LogPluginManager: Mounting plugin MacGraphicsSwitching
LogPluginManager: Mounting plugin MeshEditor
LogPluginManager: Mounting plugin MobileLauncherProfileWizard
LogPluginManager: Mounting plugin PluginBrowser
LogPluginManager: Mounting plugin SpeedTreeImporter
LogPluginManager: Mounting plugin DatasmithContent
LogPluginManager: Mounting plugin VariantManagerContent
LogPluginManager: Mounting plugin AlembicImporter
LogPluginManager: Mounting plugin AppleImageUtils
LogPluginManager: Mounting plugin AppleVision
LogPluginManager: Mounting plugin BackChannel
LogPluginManager: Mounting plugin CharacterAI
LogPluginManager: Mounting plugin GeometryCache
LogPluginManager: Mounting plugin HTML5Networking
LogPluginManager: Mounting plugin ProxyLODPlugin
LogPluginManager: Mounting plugin MagicLeap
LogPluginManager: Mounting plugin MagicLeapMedia
LogPluginManager: Mounting plugin AndroidMedia
LogPluginManager: Mounting plugin AvfMedia
LogPluginManager: Mounting plugin ImgMedia
LogPluginManager: Mounting plugin LinearTimecode
LogPluginManager: Mounting plugin MediaCompositing
LogPluginManager: Mounting plugin MediaPlayerEditor
LogPluginManager: Mounting plugin WebMMedia
LogPluginManager: Mounting plugin WmfMedia
LogPluginManager: Mounting plugin TcpMessaging
LogPluginManager: Mounting plugin UdpMessaging
LogPluginManager: Mounting plugin ActorSequence
LogPluginManager: Mounting plugin LevelSequenceEditor
LogPluginManager: Mounting plugin MatineeToLevelSequence
LogPluginManager: Mounting plugin NetcodeUnitTest
LogPluginManager: Mounting plugin NUTUnrealEngine4
LogPluginManager: Mounting plugin OnlineSubsystemGooglePlay
LogPluginManager: Mounting plugin OnlineSubsystemIOS
LogPluginManager: Mounting plugin OnlineSubsystem
LogPluginManager: Mounting plugin OnlineSubsystemNull
LogPluginManager: Mounting plugin OnlineSubsystemUtils
LogPluginManager: Mounting plugin LauncherChunkInstaller
LogPluginManager: Mounting plugin AndroidDeviceProfileSelector
LogPluginManager: Mounting plugin AndroidMoviePlayer
LogPluginManager: Mounting plugin AndroidPermission
LogPluginManager: Mounting plugin AppleMoviePlayer
LogPluginManager: Mounting plugin ArchVisCharacter
LogPluginManager: Mounting plugin AudioCapture
LogPluginManager: Mounting plugin CableComponent
LogPluginManager: Mounting plugin CustomMeshComponent
LogPluginManager: Mounting plugin EditableMesh
LogPluginManager: Mounting plugin ExampleDeviceProfileSelector
LogPluginManager: Mounting plugin Firebase
LogPluginManager: Mounting plugin GoogleCloudMessaging
LogPluginManager: Mounting plugin HoudiniEngine
LogPluginManager: Mounting plugin IOSDeviceProfileSelector
LogPluginManager: Mounting plugin LinuxDeviceProfileSelector
LogPluginManager: Mounting plugin LocationServicesBPLibrary
LogPluginManager: Mounting plugin MobilePatchingUtils
LogPluginManager: Mounting plugin OculusVR
LogPluginManager: Mounting plugin PhysXVehicles
LogPluginManager: Mounting plugin ProceduralMeshComponent
LogPluginManager: Mounting plugin RuntimePhysXCooking
LogPluginManager: Mounting plugin SteamVR
LogPluginManager: Mounting plugin WebMMoviePlayer
LogPluginManager: Mounting plugin WindowsMoviePlayer
LogStreaming: Display: Took  0.107s to configure plugins.
LogInit: Using libcurl 7.55.1-DEV
LogInit:  - built for x86_64-pc-win32
LogInit:  - supports SSL with OpenSSL/1.0.2h
LogInit:  - supports HTTP deflate (compression) using libz 1.2.8
LogInit:  - other features:
LogInit:      CURL_VERSION_SSL
LogInit:      CURL_VERSION_LIBZ
LogInit:      CURL_VERSION_IPV6
LogInit:      CURL_VERSION_ASYNCHDNS
LogInit:      CURL_VERSION_LARGEFILE
LogInit:      CURL_VERSION_IDN
LogInit:  CurlRequestOptions (configurable via config and command line):
LogInit:  - bVerifyPeer = true  - Libcurl will verify peer certificate
LogInit:  - bUseHttpProxy = false  - Libcurl will NOT use HTTP proxy
LogInit:  - bDontReuseConnections = false  - Libcurl will reuse connections
LogInit:  - MaxHostConnections = 16  - Libcurl will limit the number of connections to a host
LogInit:  - LocalHostAddr = Default
LogInit:  - BufferSize = 65536
LogInit: WinSock: version 1.1 (2.2), MaxSocks=32767, MaxUdp=65467
LogInit: Build: ++UE4+Release-4.21-CL-4613538
LogInit: Engine Version: 4.21.1-4613538+++UE4+Release-4.21
LogInit: Compatible Engine Version: 4.21.0-4541578+++UE4+Release-4.21
LogInit: Net CL: 4541578
LogInit: OS: Windows 10 (), CPU: Intel(R) Core(TM) i7-8809G CPU @ 3.10GHz, GPU: Radeon RX Vega M GH Graphics
LogInit: Compiled (64-bit): Nov 30 2018 04:13:25
LogInit: Compiled with Visual C++: 19.13.26129.00
LogInit: Build Configuration: Development
LogInit: Branch Name: ++UE4+Release-4.21
LogInit: Command Line: 
LogInit: Base Directory: C:/Program Files/Epic Games/UE_4.21/Engine/Binaries/Win64/
LogInit: Installed Engine Build: 1
LogDevObjectVersion: Number of dev versions registered: 22
LogDevObjectVersion:   Dev-Blueprints (B0D832E4-1F89-4F0D-ACCF-7EB736FD4AA2): 10
LogDevObjectVersion:   Dev-Build (E1C64328-A22C-4D53-A36C-8E866417BD8C): 0
LogDevObjectVersion:   Dev-Core (375EC13C-06E4-48FB-B500-84F0262A717E): 2
LogDevObjectVersion:   Dev-Editor (E4B068ED-F494-42E9-A231-DA0B2E46BB41): 26
LogDevObjectVersion:   Dev-Framework (CFFC743F-43B0-4480-9391-14DF171D2073): 34
LogDevObjectVersion:   Dev-Mobile (B02B49B5-BB20-44E9-A304-32B752E40360): 2
LogDevObjectVersion:   Dev-Networking (A4E4105C-59A1-49B5-A7C5-40C4547EDFEE): 0
LogDevObjectVersion:   Dev-Online (39C831C9-5AE6-47DC-9A44-9C173E1C8E7C): 0
LogDevObjectVersion:   Dev-Physics (78F01B33-EBEA-4F98-B9B4-84EACCB95AA2): 0
LogDevObjectVersion:   Dev-Platform (6631380F-2D4D-43E0-8009-CF276956A95A): 0
LogDevObjectVersion:   Dev-Rendering (12F88B9F-8875-4AFC-A67C-D90C383ABD29): 27
LogDevObjectVersion:   Dev-Sequencer (7B5AE74C-D270-4C10-A958-57980B212A5A): 9
LogDevObjectVersion:   Dev-VR (D7296918-1DD6-4BDD-9DE2-64A83CC13884): 2
LogDevObjectVersion:   Dev-LoadTimes (C2A15278-BFE7-4AFE-6C17-90FF531DF755): 1
LogDevObjectVersion:   Private-Geometry (6EACA3D4-40EC-4CC1-B786-8BED09428FC5): 3
LogDevObjectVersion:   Dev-AnimPhys (29E575DD-E0A3-4627-9D10-D276232CDCEA): 17
LogDevObjectVersion:   Dev-Anim (AF43A65D-7FD3-4947-9873-3E8ED9C1BB05): 2
LogDevObjectVersion:   Dev-ReflectionCapture (6B266CEC-1EC7-4B8F-A30B-E4D90942FC07): 1
LogDevObjectVersion:   Dev-Automation (0DF73D61-A23F-47EA-B727-89E90C41499A): 1
LogDevObjectVersion:   FortniteMain (601D1886-AC64-4F84-AA16-D3DE0DEAC7D6): 17
LogDevObjectVersion:   Dev-Enterprise (9DFFBCD6-494F-0158-E221-12823C92A888): 4
LogDevObjectVersion:   Dev-Niagara (F2AED0AC-9AFE-416F-8664-AA7FFA26D6FC): 1
LogStreaming: Display: Took  0.001s to delete old logs.
LogInit: Presizing for max 8388607 objects, including 0 objects not considered by GC, pre-allocating 0 bytes for permanent pool.
LogInit: Object subsystem initialized
LogConfig: Setting CVar [[con.DebugEarlyDefault:1]]
LogConfig: Setting CVar [[r.setres:1280x720]]
[2019.01.28-20.13.38:816][  0]LogConfig: Setting CVar [[r.VSync:0]]
[2019.01.28-20.13.38:816][  0]LogConfig: Setting CVar [[r.RHICmdBypass:0]]
[2019.01.28-20.13.38:816][  0]LogConfig: Applying CVar settings from Section [/Script/Engine.RendererSettings] File [C:/Users/u1059105/Documents/GitHub/IL_Whitebox/IL_AssetPipeline_002/Saved/Config/Windows/Engine.ini]
[2019.01.28-20.13.38:816][  0]LogConfig: Setting CVar [[r.GPUCrashDebugging:0]]
[2019.01.28-20.13.38:816][  0]LogConfig: Applying CVar settings from Section [/Script/Engine.RendererOverrideSettings] File [C:/Users/u1059105/Documents/GitHub/IL_Whitebox/IL_AssetPipeline_002/Saved/Config/Windows/Engine.ini]
[2019.01.28-20.13.38:816][  0]LogConfig: Applying CVar settings from Section [/Script/Engine.StreamingSettings] File [C:/Users/u1059105/Documents/GitHub/IL_Whitebox/IL_AssetPipeline_002/Saved/Config/Windows/Engine.ini]
[2019.01.28-20.13.38:816][  0]LogConfig: Setting CVar [[s.MinBulkDataSizeForAsyncLoading:131072]]
[2019.01.28-20.13.38:816][  0]LogConfig: Setting CVar [[s.AsyncLoadingThreadEnabled:0]]
[2019.01.28-20.13.38:816][  0]LogConfig: Setting CVar [[s.EventDrivenLoaderEnabled:1]]
[2019.01.28-20.13.38:816][  0]LogConfig: Setting CVar [[s.WarnIfTimeLimitExceeded:0]]
[2019.01.28-20.13.38:816][  0]LogConfig: Setting CVar [[s.TimeLimitExceededMultiplier:1.5]]
[2019.01.28-20.13.38:816][  0]LogConfig: Setting CVar [[s.TimeLimitExceededMinTime:0.005]]
[2019.01.28-20.13.38:816][  0]LogConfig: Setting CVar [[s.UseBackgroundLevelStreaming:1]]
[2019.01.28-20.13.38:816][  0]LogConfig: Setting CVar [[s.PriorityAsyncLoadingExtraTime:15.0]]
[2019.01.28-20.13.38:816][  0]LogConfig: Setting CVar [[s.LevelStreamingActorsUpdateTimeLimit:5.0]]
[2019.01.28-20.13.38:816][  0]LogConfig: Setting CVar [[s.PriorityLevelStreamingActorsUpdateExtraTime:5.0]]
[2019.01.28-20.13.38:816][  0]LogConfig: Setting CVar [[s.LevelStreamingComponentsRegistrationGranularity:10]]
[2019.01.28-20.13.38:816][  0]LogConfig: Setting CVar [[s.UnregisterComponentsTimeLimit:1.0]]
[2019.01.28-20.13.38:816][  0]LogConfig: Setting CVar [[s.LevelStreamingComponentsUnregistrationGranularity:5]]
[2019.01.28-20.13.38:816][  0]LogConfig: Applying CVar settings from Section [/Script/Engine.GarbageCollectionSettings] File [C:/Users/u1059105/Documents/GitHub/IL_Whitebox/IL_AssetPipeline_002/Saved/Config/Windows/Engine.ini]
[2019.01.28-20.13.38:816][  0]LogConfig: Setting CVar [[gc.MaxObjectsNotConsideredByGC:1]]
[2019.01.28-20.13.38:816][  0]LogConfig: Setting CVar [[gc.SizeOfPermanentObjectPool:0]]
[2019.01.28-20.13.38:816][  0]LogConfig: Setting CVar [[gc.FlushStreamingOnGC:0]]
[2019.01.28-20.13.38:816][  0]LogConfig: Setting CVar [[gc.NumRetriesBeforeForcingGC:10]]
[2019.01.28-20.13.38:816][  0]LogConfig: Setting CVar [[gc.AllowParallelGC:1]]
[2019.01.28-20.13.38:816][  0]LogConfig: Setting CVar [[gc.TimeBetweenPurgingPendingKillObjects:61.1]]
[2019.01.28-20.13.38:816][  0]LogConfig: Setting CVar [[gc.MaxObjectsInEditor:8388607]]
[2019.01.28-20.13.38:816][  0]LogConfig: Setting CVar [[gc.IncrementalBeginDestroyEnabled:1]]
[2019.01.28-20.13.38:816][  0]LogConfig: Setting CVar [[gc.CreateGCClusters:1]]
[2019.01.28-20.13.38:816][  0]LogConfig: Setting CVar [[gc.MergeGCClusters:0]]
[2019.01.28-20.13.38:816][  0]LogConfig: Setting CVar [[gc.MinGCClusterSize:5]]
[2019.01.28-20.13.38:816][  0]LogConfig: Setting CVar [[gc.ActorClusteringEnabled:0]]
[2019.01.28-20.13.38:816][  0]LogConfig: Setting CVar [[gc.BlueprintClusteringEnabled:0]]
[2019.01.28-20.13.38:816][  0]LogConfig: Setting CVar [[gc.UseDisregardForGCOnDedicatedServers:0]]
[2019.01.28-20.13.38:816][  0]LogConfig: Applying CVar settings from Section [/Script/Engine.NetworkSettings] File [C:/Users/u1059105/Documents/GitHub/IL_Whitebox/IL_AssetPipeline_002/Saved/Config/Windows/Engine.ini]
[2019.01.28-20.13.38:816][  0]LogConfig: Applying CVar settings from Section [/Script/UnrealEd.CookerSettings] File [C:/Users/u1059105/Documents/GitHub/IL_Whitebox/IL_AssetPipeline_002/Saved/Config/Windows/Engine.ini]
[2019.01.28-20.13.38:823][  0]LogConfig: Applying CVar settings from Section [ViewDistanceQuality@3] File [C:/Users/u1059105/Documents/GitHub/IL_Whitebox/IL_AssetPipeline_002/Saved/Config/Windows/Scalability.ini]
[2019.01.28-20.13.38:823][  0]LogConfig: Setting CVar [[r.SkeletalMeshLODBias:0]]
[2019.01.28-20.13.38:823][  0]LogConfig: Setting CVar [[r.ViewDistanceScale:1.0]]
[2019.01.28-20.13.38:823][  0]LogConfig: Applying CVar settings from Section [AntiAliasingQuality@3] File [C:/Users/u1059105/Documents/GitHub/IL_Whitebox/IL_AssetPipeline_002/Saved/Config/Windows/Scalability.ini]
[2019.01.28-20.13.38:823][  0]LogConfig: Setting CVar [[r.PostProcessAAQuality:4]]
[2019.01.28-20.13.38:823][  0]LogConfig: Applying CVar settings from Section [ShadowQuality@3] File [C:/Users/u1059105/Documents/GitHub/IL_Whitebox/IL_AssetPipeline_002/Saved/Config/Windows/Scalability.ini]
[2019.01.28-20.13.38:823][  0]LogConfig: Setting CVar [[r.LightFunctionQuality:1]]
[2019.01.28-20.13.38:823][  0]LogConfig: Setting CVar [[r.ShadowQuality:5]]
[2019.01.28-20.13.38:823][  0]LogConfig: Setting CVar [[r.Shadow.CSM.MaxCascades:10]]
[2019.01.28-20.13.38:823][  0]LogConfig: Setting CVar [[r.Shadow.MaxResolution:2048]]
[2019.01.28-20.13.38:823][  0]LogConfig: Setting CVar [[r.Shadow.MaxCSMResolution:2048]]
[2019.01.28-20.13.38:823][  0]LogConfig: Setting CVar [[r.Shadow.RadiusThreshold:0.01]]
[2019.01.28-20.13.38:823][  0]LogConfig: Setting CVar [[r.Shadow.DistanceScale:1.0]]
[2019.01.28-20.13.38:823][  0]LogConfig: Setting CVar [[r.Shadow.CSM.TransitionScale:1.0]]
[2019.01.28-20.13.38:823][  0]LogConfig: Setting CVar [[r.Shadow.PreShadowResolutionFactor:1.0]]
[2019.01.28-20.13.38:823][  0]LogConfig: Setting CVar [[r.DistanceFieldShadowing:1]]
[2019.01.28-20.13.38:824][  0]LogConfig: Setting CVar [[r.DistanceFieldAO:1]]
[2019.01.28-20.13.38:824][  0]LogConfig: Setting CVar [[r.AOQuality:2]]
[2019.01.28-20.13.38:824][  0]LogConfig: Setting CVar [[r.VolumetricFog:1]]
[2019.01.28-20.13.38:824][  0]LogConfig: Setting CVar [[r.VolumetricFog.GridPixelSize:8]]
[2019.01.28-20.13.38:824][  0]LogConfig: Setting CVar [[r.VolumetricFog.GridSizeZ:128]]
[2019.01.28-20.13.38:824][  0]LogConfig: Setting CVar [[r.VolumetricFog.HistoryMissSupersampleCount:4]]
[2019.01.28-20.13.38:824][  0]LogConfig: Setting CVar [[r.LightMaxDrawDistanceScale:1]]
[2019.01.28-20.13.38:824][  0]LogConfig: Setting CVar [[r.CapsuleShadows:1]]
[2019.01.28-20.13.38:824][  0]LogConfig: Applying CVar settings from Section [PostProcessQuality@3] File [C:/Users/u1059105/Documents/GitHub/IL_Whitebox/IL_AssetPipeline_002/Saved/Config/Windows/Scalability.ini]
[2019.01.28-20.13.38:824][  0]LogConfig: Setting CVar [[r.MotionBlurQuality:4]]
[2019.01.28-20.13.38:824][  0]LogConfig: Setting CVar [[r.AmbientOcclusionMipLevelFactor:0.4]]
[2019.01.28-20.13.38:824][  0]LogConfig: Setting CVar [[r.AmbientOcclusionMaxQuality:100]]
[2019.01.28-20.13.38:824][  0]LogConfig: Setting CVar [[r.AmbientOcclusionLevels:-1]]
[2019.01.28-20.13.38:824][  0]LogConfig: Setting CVar [[r.AmbientOcclusionRadiusScale:1.0]]
[2019.01.28-20.13.38:824][  0]LogConfig: Setting CVar [[r.DepthOfFieldQuality:2]]
[2019.01.28-20.13.38:824][  0]LogConfig: Setting CVar [[r.RenderTargetPoolMin:400]]
[2019.01.28-20.13.38:824][  0]LogConfig: Setting CVar [[r.LensFlareQuality:2]]
[2019.01.28-20.13.38:824][  0]LogConfig: Setting CVar [[r.SceneColorFringeQuality:1]]
[2019.01.28-20.13.38:824][  0]LogConfig: Setting CVar [[r.EyeAdaptationQuality:2]]
[2019.01.28-20.13.38:824][  0]LogConfig: Setting CVar [[r.BloomQuality:5]]
[2019.01.28-20.13.38:824][  0]LogConfig: Setting CVar [[r.FastBlurThreshold:100]]
[2019.01.28-20.13.38:824][  0]LogConfig: Setting CVar [[r.Upscale.Quality:3]]
[2019.01.28-20.13.38:824][  0]LogConfig: Setting CVar [[r.Tonemapper.GrainQuantization:1]]
[2019.01.28-20.13.38:824][  0]LogConfig: Setting CVar [[r.LightShaftQuality:1]]
[2019.01.28-20.13.38:824][  0]LogConfig: Setting CVar [[r.Filter.SizeScale:1]]
[2019.01.28-20.13.38:824][  0]LogConfig: Setting CVar [[r.Tonemapper.Quality:5]]
[2019.01.28-20.13.38:824][  0]LogConfig: Setting CVar [[r.DOF.Gather.AccumulatorQuality:1        ; higher gathering accumulator quality]]
[2019.01.28-20.13.38:824][  0]LogConfig: Setting CVar [[r.DOF.Gather.PostfilterMethod:1          ; Median3x3 postfilering method]]
[2019.01.28-20.13.38:824][  0]LogConfig: Setting CVar [[r.DOF.Gather.EnableBokehSettings:0       ; no bokeh simulation when gathering]]
[2019.01.28-20.13.38:824][  0]LogConfig: Setting CVar [[r.DOF.Gather.RingCount:4                 ; medium number of samples when gathering]]
[2019.01.28-20.13.38:824][  0]LogConfig: Setting CVar [[r.DOF.Scatter.ForegroundCompositing:1    ; additive foreground scattering]]
[2019.01.28-20.13.38:824][  0]LogConfig: Setting CVar [[r.DOF.Scatter.BackgroundCompositing:2    ; additive background scattering]]
[2019.01.28-20.13.38:824][  0]LogConfig: Setting CVar [[r.DOF.Scatter.EnableBokehSettings:1      ; bokeh simulation when scattering]]
[2019.01.28-20.13.38:824][  0]LogConfig: Setting CVar [[r.DOF.Scatter.MaxSpriteRatio:0.1         ; only a maximum of 10% of scattered bokeh]]
[2019.01.28-20.13.38:824][  0]LogConfig: Setting CVar [[r.DOF.Recombine.Quality:1                ; cheap slight out of focus]]
[2019.01.28-20.13.38:824][  0]LogConfig: Setting CVar [[r.DOF.Recombine.EnableBokehSettings:0    ; no bokeh simulation on slight out of focus]]
[2019.01.28-20.13.38:824][  0]LogConfig: Setting CVar [[r.DOF.TemporalAAQuality:1                ; more stable temporal accumulation]]
[2019.01.28-20.13.38:824][  0]LogConfig: Setting CVar [[r.DOF.Kernel.MaxForegroundRadius:0.025]]
[2019.01.28-20.13.38:824][  0]LogConfig: Setting CVar [[r.DOF.Kernel.MaxBackgroundRadius:0.025]]
[2019.01.28-20.13.38:824][  0]LogConfig: Applying CVar settings from Section [TextureQuality@3] File [C:/Users/u1059105/Documents/GitHub/IL_Whitebox/IL_AssetPipeline_002/Saved/Config/Windows/Scalability.ini]
[2019.01.28-20.13.38:824][  0]LogConfig: Setting CVar [[r.Streaming.MipBias:0]]
[2019.01.28-20.13.38:824][  0]LogConfig: Setting CVar [[r.Streaming.AmortizeCPUToGPUCopy:0]]
[2019.01.28-20.13.38:824][  0]LogConfig: Setting CVar [[r.Streaming.MaxNumTexturesToStreamPerFrame:0]]
[2019.01.28-20.13.38:824][  0]LogConfig: Setting CVar [[r.Streaming.Boost:1]]
[2019.01.28-20.13.38:824][  0]LogConfig: Setting CVar [[r.MaxAnisotropy:8]]
[2019.01.28-20.13.38:824][  0]LogConfig: Setting CVar [[r.Streaming.LimitPoolSizeToVRAM:0]]
[2019.01.28-20.13.38:824][  0]LogConfig: Setting CVar [[r.Streaming.PoolSize:1000]]
[2019.01.28-20.13.38:824][  0]LogConfig: Setting CVar [[r.Streaming.MaxEffectiveScreenSize:0]]
[2019.01.28-20.13.38:824][  0]LogConfig: Applying CVar settings from Section [EffectsQuality@3] File [C:/Users/u1059105/Documents/GitHub/IL_Whitebox/IL_AssetPipeline_002/Saved/Config/Windows/Scalability.ini]
[2019.01.28-20.13.38:824][  0]LogConfig: Setting CVar [[r.TranslucencyLightingVolumeDim:64]]
[2019.01.28-20.13.38:824][  0]LogConfig: Setting CVar [[r.RefractionQuality:2]]
[2019.01.28-20.13.38:824][  0]LogConfig: Setting CVar [[r.SSR.Quality:3]]
[2019.01.28-20.13.38:824][  0]LogConfig: Setting CVar [[r.SceneColorFormat:4]]
[2019.01.28-20.13.38:824][  0]LogConfig: Setting CVar [[r.DetailMode:2]]
[2019.01.28-20.13.38:824][  0]LogConfig: Setting CVar [[r.TranslucencyVolumeBlur:1]]
[2019.01.28-20.13.38:824][  0]LogConfig: Setting CVar [[r.MaterialQualityLevel:1 ; High quality]]
[2019.01.28-20.13.38:824][  0]LogConfig: Setting CVar [[r.SSS.Scale:1]]
[2019.01.28-20.13.38:824][  0]LogConfig: Setting CVar [[r.SSS.SampleSet:2]]
[2019.01.28-20.13.38:824][  0]LogConfig: Setting CVar [[r.SSS.Quality:1]]
[2019.01.28-20.13.38:824][  0]LogConfig: Setting CVar [[r.SSS.HalfRes:1]]
[2019.01.28-20.13.38:824][  0]LogConfig: Setting CVar [[r.EmitterSpawnRateScale:1.0]]
[2019.01.28-20.13.38:824][  0]LogConfig: Setting CVar [[r.ParticleLightQuality:2]]
[2019.01.28-20.13.38:825][  0]LogConfig: Applying CVar settings from Section [FoliageQuality@3] File [C:/Users/u1059105/Documents/GitHub/IL_Whitebox/IL_AssetPipeline_002/Saved/Config/Windows/Scalability.ini]
[2019.01.28-20.13.38:825][  0]LogConfig: Setting CVar [[foliage.DensityScale:1.0]]
[2019.01.28-20.13.38:825][  0]LogConfig: Setting CVar [[grass.DensityScale:1.0]]
[2019.01.28-20.13.38:826][  0]LogInit: Selected Device Profile: [Windows]
[2019.01.28-20.13.38:826][  0]LogInit: Applying CVar settings loaded from the selected device profile: [Windows]
[2019.01.28-20.13.38:845][  0]LogHAL: Display: Platform has ~ 16 GB [17094914048 / 17179869184 / 16], which maps to Larger [LargestMinGB=32, LargerMinGB=12, DefaultMinGB=8, SmallerMinGB=6, SmallestMinGB=0)
[2019.01.28-20.13.38:845][  0]LogConfig: Setting CVar [[r.Vulkan.UseRealUBs:1]]
[2019.01.28-20.13.38:845][  0]LogInit: Going up to parent DeviceProfile []
[2019.01.28-20.13.38:846][  0]LogConfig: Applying CVar settings from Section [ViewDistanceQuality@3] File [C:/Users/u1059105/Documents/GitHub/IL_Whitebox/IL_AssetPipeline_002/Saved/Config/Windows/Scalability.ini]
[2019.01.28-20.13.38:846][  0]LogConfig: Setting CVar [[r.SkeletalMeshLODBias:0]]
[2019.01.28-20.13.38:846][  0]LogConfig: Setting CVar [[r.ViewDistanceScale:1.0]]
[2019.01.28-20.13.38:846][  0]LogConfig: Applying CVar settings from Section [AntiAliasingQuality@3] File [C:/Users/u1059105/Documents/GitHub/IL_Whitebox/IL_AssetPipeline_002/Saved/Config/Windows/Scalability.ini]
[2019.01.28-20.13.38:846][  0]LogConfig: Setting CVar [[r.PostProcessAAQuality:4]]
[2019.01.28-20.13.38:846][  0]LogConfig: Applying CVar settings from Section [ShadowQuality@3] File [C:/Users/u1059105/Documents/GitHub/IL_Whitebox/IL_AssetPipeline_002/Saved/Config/Windows/Scalability.ini]
[2019.01.28-20.13.38:846][  0]LogConfig: Setting CVar [[r.LightFunctionQuality:1]]
[2019.01.28-20.13.38:846][  0]LogConfig: Setting CVar [[r.ShadowQuality:5]]
[2019.01.28-20.13.38:846][  0]LogConfig: Setting CVar [[r.Shadow.CSM.MaxCascades:10]]
[2019.01.28-20.13.38:846][  0]LogConfig: Setting CVar [[r.Shadow.MaxResolution:2048]]
[2019.01.28-20.13.38:846][  0]LogConfig: Setting CVar [[r.Shadow.MaxCSMResolution:2048]]
[2019.01.28-20.13.38:846][  0]LogConfig: Setting CVar [[r.Shadow.RadiusThreshold:0.01]]
[2019.01.28-20.13.38:846][  0]LogConfig: Setting CVar [[r.Shadow.DistanceScale:1.0]]
[2019.01.28-20.13.38:846][  0]LogConfig: Setting CVar [[r.Shadow.CSM.TransitionScale:1.0]]
[2019.01.28-20.13.38:846][  0]LogConfig: Setting CVar [[r.Shadow.PreShadowResolutionFactor:1.0]]
[2019.01.28-20.13.38:846][  0]LogConfig: Setting CVar [[r.DistanceFieldShadowing:1]]
[2019.01.28-20.13.38:846][  0]LogConfig: Setting CVar [[r.DistanceFieldAO:1]]
[2019.01.28-20.13.38:846][  0]LogConfig: Setting CVar [[r.AOQuality:2]]
[2019.01.28-20.13.38:846][  0]LogConfig: Setting CVar [[r.VolumetricFog:1]]
[2019.01.28-20.13.38:846][  0]LogConfig: Setting CVar [[r.VolumetricFog.GridPixelSize:8]]
[2019.01.28-20.13.38:846][  0]LogConfig: Setting CVar [[r.VolumetricFog.GridSizeZ:128]]
[2019.01.28-20.13.38:846][  0]LogConfig: Setting CVar [[r.VolumetricFog.HistoryMissSupersampleCount:4]]
[2019.01.28-20.13.38:846][  0]LogConfig: Setting CVar [[r.LightMaxDrawDistanceScale:1]]
[2019.01.28-20.13.38:846][  0]LogConfig: Setting CVar [[r.CapsuleShadows:1]]
[2019.01.28-20.13.38:846][  0]LogConfig: Applying CVar settings from Section [PostProcessQuality@3] File [C:/Users/u1059105/Documents/GitHub/IL_Whitebox/IL_AssetPipeline_002/Saved/Config/Windows/Scalability.ini]
[2019.01.28-20.13.38:846][  0]LogConfig: Setting CVar [[r.MotionBlurQuality:4]]
[2019.01.28-20.13.38:846][  0]LogConfig: Setting CVar [[r.AmbientOcclusionMipLevelFactor:0.4]]
[2019.01.28-20.13.38:846][  0]LogConfig: Setting CVar [[r.AmbientOcclusionMaxQuality:100]]
[2019.01.28-20.13.38:846][  0]LogConfig: Setting CVar [[r.AmbientOcclusionLevels:-1]]
[2019.01.28-20.13.38:846][  0]LogConfig: Setting CVar [[r.AmbientOcclusionRadiusScale:1.0]]
[2019.01.28-20.13.38:846][  0]LogConfig: Setting CVar [[r.DepthOfFieldQuality:2]]
[2019.01.28-20.13.38:846][  0]LogConfig: Setting CVar [[r.RenderTargetPoolMin:400]]
[2019.01.28-20.13.38:846][  0]LogConfig: Setting CVar [[r.LensFlareQuality:2]]
[2019.01.28-20.13.38:846][  0]LogConfig: Setting CVar [[r.SceneColorFringeQuality:1]]
[2019.01.28-20.13.38:846][  0]LogConfig: Setting CVar [[r.EyeAdaptationQuality:2]]
[2019.01.28-20.13.38:846][  0]LogConfig: Setting CVar [[r.BloomQuality:5]]
[2019.01.28-20.13.38:846][  0]LogConfig: Setting CVar [[r.FastBlurThreshold:100]]
[2019.01.28-20.13.38:846][  0]LogConfig: Setting CVar [[r.Upscale.Quality:3]]
[2019.01.28-20.13.38:846][  0]LogConfig: Setting CVar [[r.Tonemapper.GrainQuantization:1]]
[2019.01.28-20.13.38:846][  0]LogConfig: Setting CVar [[r.LightShaftQuality:1]]
[2019.01.28-20.13.38:846][  0]LogConfig: Setting CVar [[r.Filter.SizeScale:1]]
[2019.01.28-20.13.38:847][  0]LogConfig: Setting CVar [[r.Tonemapper.Quality:5]]
[2019.01.28-20.13.38:847][  0]LogConfig: Setting CVar [[r.DOF.Gather.AccumulatorQuality:1        ; higher gathering accumulator quality]]
[2019.01.28-20.13.38:847][  0]LogConfig: Setting CVar [[r.DOF.Gather.PostfilterMethod:1          ; Median3x3 postfilering method]]
[2019.01.28-20.13.38:847][  0]LogConfig: Setting CVar [[r.DOF.Gather.EnableBokehSettings:0       ; no bokeh simulation when gathering]]
[2019.01.28-20.13.38:847][  0]LogConfig: Setting CVar [[r.DOF.Gather.RingCount:4                 ; medium number of samples when gathering]]
[2019.01.28-20.13.38:847][  0]LogConfig: Setting CVar [[r.DOF.Scatter.ForegroundCompositing:1    ; additive foreground scattering]]
[2019.01.28-20.13.38:847][  0]LogConfig: Setting CVar [[r.DOF.Scatter.BackgroundCompositing:2    ; additive background scattering]]
[2019.01.28-20.13.38:847][  0]LogConfig: Setting CVar [[r.DOF.Scatter.EnableBokehSettings:1      ; bokeh simulation when scattering]]
[2019.01.28-20.13.38:847][  0]LogConfig: Setting CVar [[r.DOF.Scatter.MaxSpriteRatio:0.1         ; only a maximum of 10% of scattered bokeh]]
[2019.01.28-20.13.38:847][  0]LogConfig: Setting CVar [[r.DOF.Recombine.Quality:1                ; cheap slight out of focus]]
[2019.01.28-20.13.38:847][  0]LogConfig: Setting CVar [[r.DOF.Recombine.EnableBokehSettings:0    ; no bokeh simulation on slight out of focus]]
[2019.01.28-20.13.38:847][  0]LogConfig: Setting CVar [[r.DOF.TemporalAAQuality:1                ; more stable temporal accumulation]]
[2019.01.28-20.13.38:847][  0]LogConfig: Setting CVar [[r.DOF.Kernel.MaxForegroundRadius:0.025]]
[2019.01.28-20.13.38:847][  0]LogConfig: Setting CVar [[r.DOF.Kernel.MaxBackgroundRadius:0.025]]
[2019.01.28-20.13.38:847][  0]LogConfig: Applying CVar settings from Section [TextureQuality@3] File [C:/Users/u1059105/Documents/GitHub/IL_Whitebox/IL_AssetPipeline_002/Saved/Config/Windows/Scalability.ini]
[2019.01.28-20.13.38:847][  0]LogConfig: Setting CVar [[r.Streaming.MipBias:0]]
[2019.01.28-20.13.38:847][  0]LogConfig: Setting CVar [[r.Streaming.AmortizeCPUToGPUCopy:0]]
[2019.01.28-20.13.38:847][  0]LogConfig: Setting CVar [[r.Streaming.MaxNumTexturesToStreamPerFrame:0]]
[2019.01.28-20.13.38:847][  0]LogConfig: Setting CVar [[r.Streaming.Boost:1]]
[2019.01.28-20.13.38:847][  0]LogConfig: Setting CVar [[r.MaxAnisotropy:8]]
[2019.01.28-20.13.38:847][  0]LogConfig: Setting CVar [[r.Streaming.LimitPoolSizeToVRAM:0]]
[2019.01.28-20.13.38:847][  0]LogConfig: Setting CVar [[r.Streaming.PoolSize:1000]]
[2019.01.28-20.13.38:847][  0]LogConfig: Setting CVar [[r.Streaming.MaxEffectiveScreenSize:0]]
[2019.01.28-20.13.38:847][  0]LogConfig: Applying CVar settings from Section [EffectsQuality@3] File [C:/Users/u1059105/Documents/GitHub/IL_Whitebox/IL_AssetPipeline_002/Saved/Config/Windows/Scalability.ini]
[2019.01.28-20.13.38:847][  0]LogConfig: Setting CVar [[r.TranslucencyLightingVolumeDim:64]]
[2019.01.28-20.13.38:847][  0]LogConfig: Setting CVar [[r.RefractionQuality:2]]
[2019.01.28-20.13.38:847][  0]LogConfig: Setting CVar [[r.SSR.Quality:3]]
[2019.01.28-20.13.38:847][  0]LogConfig: Setting CVar [[r.SceneColorFormat:4]]
[2019.01.28-20.13.38:847][  0]LogConfig: Setting CVar [[r.DetailMode:2]]
[2019.01.28-20.13.38:847][  0]LogConfig: Setting CVar [[r.TranslucencyVolumeBlur:1]]
[2019.01.28-20.13.38:847][  0]LogConfig: Setting CVar [[r.MaterialQualityLevel:1 ; High quality]]
[2019.01.28-20.13.38:847][  0]LogConfig: Setting CVar [[r.SSS.Scale:1]]
[2019.01.28-20.13.38:847][  0]LogConfig: Setting CVar [[r.SSS.SampleSet:2]]
[2019.01.28-20.13.38:847][  0]LogConfig: Setting CVar [[r.SSS.Quality:1]]
[2019.01.28-20.13.38:847][  0]LogConfig: Setting CVar [[r.SSS.HalfRes:1]]
[2019.01.28-20.13.38:847][  0]LogConfig: Setting CVar [[r.EmitterSpawnRateScale:1.0]]
[2019.01.28-20.13.38:847][  0]LogConfig: Setting CVar [[r.ParticleLightQuality:2]]
[2019.01.28-20.13.38:847][  0]LogConfig: Applying CVar settings from Section [FoliageQuality@3] File [C:/Users/u1059105/Documents/GitHub/IL_Whitebox/IL_AssetPipeline_002/Saved/Config/Windows/Scalability.ini]
[2019.01.28-20.13.38:847][  0]LogConfig: Setting CVar [[foliage.DensityScale:1.0]]
[2019.01.28-20.13.38:847][  0]LogConfig: Setting CVar [[grass.DensityScale:1.0]]
[2019.01.28-20.13.38:847][  0]LogConfig: Applying CVar settings from Section [Startup] File [../../../Engine/Config/ConsoleVariables.ini]
[2019.01.28-20.13.38:853][  0]LogConfig: Setting CVar [[net.UseAdaptiveNetUpdateFrequency:0]]
[2019.01.28-20.13.38:853][  0]LogConfig: Applying CVar settings from Section [ConsoleVariables] File [C:/Users/u1059105/Documents/GitHub/IL_Whitebox/IL_AssetPipeline_002/Saved/Config/Windows/Engine.ini]
[2019.01.28-20.13.38:854][  0]LogInit: Computer: eae-n-008
[2019.01.28-20.13.38:854][  0]LogInit: User: u1059105
[2019.01.28-20.13.38:854][  0]LogInit: CPU Page size=4096, Cores=4
[2019.01.28-20.13.38:854][  0]LogInit: High frequency timer resolution =3.023435 MHz
[2019.01.28-20.13.38:855][  0]LogMemory: Memory total: Physical=15.9GB (16GB approx)
[2019.01.28-20.13.38:855][  0]LogMemory: Platform Memory Stats for Windows
[2019.01.28-20.13.38:855][  0]LogMemory: Process Physical Memory: 101.61 MB used, 101.61 MB peak
[2019.01.28-20.13.38:855][  0]LogMemory: Process Virtual Memory: 91.20 MB used, 91.20 MB peak
[2019.01.28-20.13.38:855][  0]LogMemory: Physical Memory: 4174.96 MB used,  12128.02 MB free, 16302.98 MB total
[2019.01.28-20.13.38:855][  0]LogMemory: Virtual Memory: 4647.87 MB used,  134213080.00 MB free, 134217728.00 MB total
[2019.01.28-20.13.39:116][  0]LogInit: Using OS detected language (en-US).
[2019.01.28-20.13.39:116][  0]LogInit: Using OS detected locale (en-US).
[2019.01.28-20.13.39:120][  0]LogTextLocalizationManager: No specific localization for 'en-US' exists, so the 'en' localization will be used.
[2019.01.28-20.13.39:630][  0]LogStreaming: Display: Took  0.513s to InitEngineTextLocalization.
[2019.01.28-20.13.39:630][  0]LogInit: Setting process to per monitor DPI aware
[2019.01.28-20.13.39:742][  0]LogSlate: New Slate User Created.  User Index 0, Is Virtual User: 0
[2019.01.28-20.13.39:742][  0]LogSlate: Slate User Registered.  User Index 0, Is Virtual User: 0
[2019.01.28-20.13.42:487][  0]LogHMD: Failed to initialize OpenVR with code 110
[2019.01.28-20.13.42:487][  0]LogD3D11RHI: D3D11 adapters:
[2019.01.28-20.13.42:546][  0]LogD3D11RHI:    0. 'Radeon RX Vega M GH Graphics' (Feature Level 11_0)
[2019.01.28-20.13.42:546][  0]LogD3D11RHI:       4042/0/8151 MB DedicatedVideo/DedicatedSystem/SharedSystem, Outputs:1, VendorId:0x1002
[2019.01.28-20.13.42:559][  0]LogD3D11RHI:    1. 'Intel(R) HD Graphics 630' (Feature Level 11_0)
[2019.01.28-20.13.42:559][  0]LogD3D11RHI:       128/0/8151 MB DedicatedVideo/DedicatedSystem/SharedSystem, Outputs:0, VendorId:0x8086
[2019.01.28-20.13.42:560][  0]LogD3D11RHI:    2. 'Microsoft Basic Render Driver' (Feature Level 11_0)
[2019.01.28-20.13.42:560][  0]LogD3D11RHI:       0/0/8151 MB DedicatedVideo/DedicatedSystem/SharedSystem, Outputs:0, VendorId:0x1414
[2019.01.28-20.13.42:560][  0]LogD3D11RHI: Chosen D3D11 Adapter: 0
[2019.01.28-20.13.42:570][  0]LogD3D11RHI: Creating new Direct3DDevice
[2019.01.28-20.13.42:570][  0]LogD3D11RHI:     GPU DeviceId: 0x694c (for the marketing name, search the web for "GPU Device Id")
[2019.01.28-20.13.42:570][  0]LogWindows: EnumDisplayDevices:
[2019.01.28-20.13.42:570][  0]LogWindows:    0. 'Radeon RX Vega M GH Graphics' (P:1 D:1)
[2019.01.28-20.13.42:570][  0]LogWindows:    1. 'Radeon RX Vega M GH Graphics' (P:0 D:0)
[2019.01.28-20.13.42:571][  0]LogWindows:    2. 'Radeon RX Vega M GH Graphics' (P:0 D:0)
[2019.01.28-20.13.42:571][  0]LogWindows:    3. 'Radeon RX Vega M GH Graphics' (P:0 D:0)
[2019.01.28-20.13.42:571][  0]LogWindows:    4. 'Radeon RX Vega M GH Graphics' (P:0 D:0)
[2019.01.28-20.13.42:571][  0]LogWindows:    5. 'Radeon RX Vega M GH Graphics' (P:0 D:0)
[2019.01.28-20.13.42:571][  0]LogWindows:    6. 'Radeon RX Vega M GH Graphics' (P:0 D:0)
[2019.01.28-20.13.42:572][  0]LogWindows:    7. 'Intel(R) HD Graphics 630' (P:0 D:0)
[2019.01.28-20.13.42:572][  0]LogWindows:    8. 'Intel(R) HD Graphics 630' (P:0 D:0)
[2019.01.28-20.13.42:572][  0]LogWindows: DebugString: PrimaryIsNotTheChoosenAdapter PrimaryIsNotTheChoosenAdapter FoundDriverCount:7 
[2019.01.28-20.13.42:572][  0]LogD3D11RHI:     Adapter Name: Radeon RX Vega M GH Graphics
[2019.01.28-20.13.42:572][  0]LogD3D11RHI:   Driver Version: Adrenalin 18.9.1 (internal:24.20.11026.2001, unified:24.20.11026.2001)
[2019.01.28-20.13.42:572][  0]LogD3D11RHI:      Driver Date: 8-30-2018
[2019.01.28-20.13.42:572][  0]LogRHI: Texture pool is 2829 MB (70% of 4042 MB)
[2019.01.28-20.13.42:662][  0]LogD3D11RHI: Async texture creation enabled
[2019.01.28-20.13.42:719][  0]LogD3D11RHI: GPU Timing Frequency: 25.000000 (Debug: 2 1)
[2019.01.28-20.13.43:248][  0]LogTemp: Display: Loaded TP AllDesktopTargetPlatform
[2019.01.28-20.13.43:261][  0]LogTemp: Display: Loaded TP MacClientTargetPlatform
[2019.01.28-20.13.43:275][  0]LogTemp: Display: Loaded TP MacNoEditorTargetPlatform
[2019.01.28-20.13.43:289][  0]LogTemp: Display: Loaded TP MacServerTargetPlatform
[2019.01.28-20.13.43:308][  0]LogTemp: Display: Loaded TP MacTargetPlatform
[2019.01.28-20.13.43:322][  0]LogTemp: Display: Loaded TP WindowsClientTargetPlatform
[2019.01.28-20.13.43:340][  0]LogTemp: Display: Loaded TP WindowsNoEditorTargetPlatform
[2019.01.28-20.13.43:355][  0]LogTemp: Display: Loaded TP WindowsServerTargetPlatform
[2019.01.28-20.13.43:363][  0]LogTemp: Display: Loaded TP WindowsTargetPlatform
[2019.01.28-20.13.43:460][  0]LogTemp: Display: Loaded TP AndroidTargetPlatform
[2019.01.28-20.13.43:460][  0]LogTemp: Display: Loaded TP AndroidTargetPlatform
[2019.01.28-20.13.43:460][  0]LogTemp: Display: Loaded TP AndroidTargetPlatform
[2019.01.28-20.13.43:460][  0]LogTemp: Display: Loaded TP AndroidTargetPlatform
[2019.01.28-20.13.43:460][  0]LogTemp: Display: Loaded TP AndroidTargetPlatform
[2019.01.28-20.13.43:460][  0]LogTemp: Display: Loaded TP AndroidTargetPlatform
[2019.01.28-20.13.43:460][  0]LogTemp: Display: Loaded TP AndroidTargetPlatform
[2019.01.28-20.13.43:460][  0]LogTemp: Display: Loaded TP AndroidTargetPlatform
[2019.01.28-20.13.43:461][  0]LogTemp: Display: Loaded TP AndroidTargetPlatform
[2019.01.28-20.13.43:461][  0]LogTemp: Display: Loaded TP AndroidTargetPlatform
[2019.01.28-20.13.43:461][  0]LogTemp: Display: Loaded TP AndroidTargetPlatform
[2019.01.28-20.13.43:461][  0]LogTemp: Display: Loaded TP AndroidTargetPlatform
[2019.01.28-20.13.43:461][  0]LogTemp: Display: Loaded TP AndroidTargetPlatform
[2019.01.28-20.13.43:461][  0]LogTemp: Display: Loaded TP AndroidTargetPlatform
[2019.01.28-20.13.43:461][  0]LogTemp: Display: Loaded TP AndroidTargetPlatform
[2019.01.28-20.13.43:461][  0]LogTemp: Display: Loaded TP AndroidTargetPlatform
[2019.01.28-20.13.43:461][  0]LogTemp: Display: Loaded TP AndroidTargetPlatform
[2019.01.28-20.13.43:461][  0]LogTemp: Display: Loaded TP AndroidTargetPlatform
[2019.01.28-20.13.43:464][  0]LogTemp: Display: Loaded TP HTML5TargetPlatform
[2019.01.28-20.13.43:545][  0]LogTemp: Display: Loaded TP IOSTargetPlatform
[2019.01.28-20.13.43:545][  0]LogTemp: Display: Loaded TP IOSTargetPlatform
[2019.01.28-20.13.43:570][  0]LogTemp: Display: Loaded TP TVOSTargetPlatform
[2019.01.28-20.13.43:570][  0]LogTemp: Display: Loaded TP TVOSTargetPlatform
[2019.01.28-20.13.43:586][  0]LogTemp: Display: Loaded TP LinuxClientTargetPlatform
[2019.01.28-20.13.43:599][  0]LogTemp: Display: Loaded TP LinuxNoEditorTargetPlatform
[2019.01.28-20.13.43:612][  0]LogTemp: Display: Loaded TP LinuxServerTargetPlatform
[2019.01.28-20.13.43:637][  0]LogTemp: Display: Loaded TP LinuxTargetPlatform
[2019.01.28-20.13.43:692][  0]LogTemp: Display: Loaded TP LuminTargetPlatform
[2019.01.28-20.13.43:692][  0]LogTemp: Display: Loaded TP LuminTargetPlatform
[2019.01.28-20.13.43:692][  0]LogTargetPlatformManager: Display: Building Assets For Windows
[2019.01.28-20.13.43:851][  0]LogShaderCompilers: Guid format shader working directory is -34 characters bigger than the processId version (../../../../../../Users/u1059105/Documents/GitHub/IL_Whitebox/IL_AssetPipeline_002/Intermediate/Shaders/WorkingDirectory/11796/).
[2019.01.28-20.13.43:851][  0]LogShaderCompilers: Cleaned the shader compiler working directory 'C:/Users/u1059105/AppData/Local/Temp/UnrealShaderWorkingDir/E9F5234449F7B9754F5249950A28E2C6/'.
[2019.01.28-20.13.43:855][  0]LogXGEController: Cleaning working directory: C:/Users/u1059105/AppData/Local/Temp/UnrealXGEWorkingDir/
[2019.01.28-20.13.43:855][  0]LogXGEController: Cannot use XGE Controller as Incredibuild is not installed on this machine.
[2019.01.28-20.13.43:855][  0]LogShaderCompilers: Cannot use XGE Shader Compiler as Incredibuild is not installed on this machine.
[2019.01.28-20.13.43:855][  0]LogShaderCompilers: Display: Using Local Shader Compiler.
[2019.01.28-20.13.45:770][  0]LogDerivedDataCache: Display: Max Cache Size: 512 MB
[2019.01.28-20.13.45:770][  0]LogDerivedDataCache: Display: Starting with empty Boot cache
[2019.01.28-20.13.45:770][  0]LogDerivedDataCache: FDerivedDataBackendGraph:  Pak pak cache file ../../../../../../Users/u1059105/Documents/GitHub/IL_Whitebox/IL_AssetPipeline_002/DerivedDataCache/DDC.ddp not found, will not use a pak cache.
[2019.01.28-20.13.45:770][  0]LogDerivedDataCache: Unable to find inner node Pak for hierarchical cache Hierarchy.
[2019.01.28-20.13.45:770][  0]LogDerivedDataCache: FDerivedDataBackendGraph:  CompressedPak pak cache file ../../../../../../Users/u1059105/Documents/GitHub/IL_Whitebox/IL_AssetPipeline_002/DerivedDataCache/Compressed.ddp not found, will not use a pak cache.
[2019.01.28-20.13.45:770][  0]LogDerivedDataCache: Unable to find inner node CompressedPak for hierarchical cache Hierarchy.
[2019.01.28-20.13.45:793][  0]LogDerivedDataCache: Display: Pak cache opened for reading ../../../Engine/DerivedDataCache/Compressed.ddp.
[2019.01.28-20.13.45:793][  0]LogDerivedDataCache: FDerivedDataBackendGraph:  EnterprisePak pak cache file ../../../Enterprise/DerivedDataCache/Compressed.ddp not found, will not use a pak cache.
[2019.01.28-20.13.45:793][  0]LogDerivedDataCache: Unable to find inner node EnterprisePak for hierarchical cache Hierarchy.
[2019.01.28-20.13.45:806][  0]LogDerivedDataCache: Using Local data cache path C:/Users/u1059105/AppData/Local/UnrealEngine/Common/DerivedDataCache: Writable
[2019.01.28-20.13.45:806][  0]LogDerivedDataCache: Shared data cache path not found in *engine.ini, will not use an Shared cache.
[2019.01.28-20.13.45:806][  0]LogDerivedDataCache: Unable to find inner node Shared for hierarchical cache Hierarchy.
[2019.01.28-20.13.45:847][  0]LogMaterial: Verifying Global Shaders for PCD3D_SM5
[2019.01.28-20.13.45:854][  0]LogSlate: Using FreeType 2.6.0
[2019.01.28-20.13.45:869][  0]LogSlate: SlateFontServices - WITH_FREETYPE: 1, WITH_HARFBUZZ: 1
[2019.01.28-20.13.46:159][  0]LogAssetRegistry: FAssetRegistry took 0.0369 seconds to start up
[2019.01.28-20.13.46:599][  0]LogInit: Selected Device Profile: [Windows]
[2019.01.28-20.13.46:918][  0]LogSimplygon: Simplygon DLL not present - disabling.
[2019.01.28-20.13.46:941][  0]LogMeshReduction: Using SimplygonSwarm for distributed automatic mesh merging
[2019.01.28-20.13.46:942][  0]LogMeshReduction: Using ProxyLODMeshReduction for automatic mesh merging
[2019.01.28-20.13.46:943][  0]LogMeshReduction: Using QuadricMeshReduction for automatic static mesh reduction
[2019.01.28-20.13.46:943][  0]LogMeshReduction: No automatic skeletal mesh reduction module available
[2019.01.28-20.13.47:123][  0]LogNetVersion: IL_AssetPipeline_001 1.0.0, NetCL: 4541578, EngineNetVer: 5, GameNetVer: 0 (Checksum: 1814515559)
[2019.01.28-20.13.48:779][  0]LogPackageLocalizationCache: Processed 12 localized package path(s) for 2 prioritized culture(s) in 0.170732 seconds
[2019.01.28-20.13.48:791][  0]LogUObjectArray: 39796 objects as part of root set at end of initial load.
[2019.01.28-20.13.48:791][  0]LogUObjectAllocator: 6916344 out of 0 bytes used by permanent object pool.
[2019.01.28-20.13.48:791][  0]LogUObjectArray: CloseDisregardForGC: 0/0 objects in disregard for GC pool
[2019.01.28-20.13.52:913][  0]LogTcpMessaging: Initializing TcpMessaging bridge
[2019.01.28-20.13.52:931][  0]LogUdpMessaging: Initializing bridge on interface 0.0.0.0:0 to multicast group 230.0.0.1:6666.
[2019.01.28-20.13.54:003][  0]SourceControl: Source control is disabled
[2019.01.28-20.13.54:003][  0]SourceControl: Source control is disabled
[2019.01.28-20.13.54:017][  0]SourceControl: Source control is disabled
[2019.01.28-20.13.54:023][  0]SourceControl: Source control is disabled
[2019.01.28-20.13.54:407][  0]LogAndroidPermission: UAndroidPermissionCallbackProxy::GetInstance
[2019.01.28-20.13.54:554][  0]LogHoudiniEngine: Starting the Houdini Engine module.
[2019.01.28-20.13.54:567][  0]LogHoudiniEngine: Loaded libHAPIL.dll from Registry path C:/Program Files/Side Effects Software/Houdini 17.0.416/bin
[2019.01.28-20.13.54:574][  0]LogLinker: Warning: Asset '../../Plugins/Runtime/HoudiniEngine/Content/houdini_logo.uasset' has been saved with empty engine version. The asset will be loaded but may be incompatible.
[2019.01.28-20.13.54:580][  0]LogStaticMesh: Building static mesh houdini_logo...
[2019.01.28-20.13.54:594][  0]LogStaticMesh: Built static mesh [0.01s] /HoudiniEngine/houdini_logo.houdini_logo
[2019.01.28-20.13.54:606][  0]LogLinker: Warning: Asset '../../Plugins/Runtime/HoudiniEngine/Content/houdini_default_material.uasset' has been saved with empty engine version. The asset will be loaded but may be incompatible.
[2019.01.28-20.13.54:608][  0]LogMaterial: Display: Missing cached shader map for material houdini_default_material, compiling. 
[2019.01.28-20.13.54:678][  0]LogShaderCompilers: Display: Shaders left to compile 43
[2019.01.28-20.13.54:678][  0]LogShaderCompilers: Display: Shaders left to compile 33
[2019.01.28-20.13.54:678][  0]LogShaderCompilers: Display: Shaders left to compile 23
[2019.01.28-20.13.54:678][  0]LogShaderCompilers: Display: Shaders left to compile 13
[2019.01.28-20.13.54:678][  0]LogShaderCompilers: Display: Shaders left to compile 3
[2019.01.28-20.13.54:678][  0]LogLinker: Warning: Asset '../../Plugins/Runtime/HoudiniEngine/Content/houdini_bgeo_import.uasset' has been saved with empty engine version. The asset will be loaded but may be incompatible.
[2019.01.28-20.14.02:115][  0]LogHoudiniEngine: Successfully intialized the Houdini Engine API module.
[2019.01.28-20.14.02:137][  0]LogOcInput: OculusInput pre-init called
[2019.01.28-20.14.02:356][  0]LogEngine: Initializing Engine...
[2019.01.28-20.14.02:359][  0]LogHMD: Failed to initialize OpenVR with code 110
[2019.01.28-20.14.02:363][  0]LogStats: UGameplayTagsManager::ConstructGameplayTagTree: ImportINI prefixes -  0.001 s
[2019.01.28-20.14.02:363][  0]LogStats: UGameplayTagsManager::ConstructGameplayTagTree: Construct from data asset -  0.000 s
[2019.01.28-20.14.02:363][  0]LogStats: UGameplayTagsManager::ConstructGameplayTagTree: ImportINI -  0.000 s
[2019.01.28-20.14.02:363][  0]LogStats: UGameplayTagsManager::ConstructGameplayTagTree: GameplayTagTreeChangedEvent.Broadcast -  0.000 s
[2019.01.28-20.14.02:784][  0]LogInit: Initializing FReadOnlyCVARCache
[2019.01.28-20.14.02:823][  0]LogAIModule: Creating AISystem for world Untitled
[2019.01.28-20.14.02:853][  0]LogInit: XAudio2 using '1 - CintiqPro24P (AMD High Definition Audio Device)' : 2 channels at 48 kHz using 16 bits per sample (channel mask 0x3)
[2019.01.28-20.14.02:909][  0]LogInit: FAudioDevice initialized.
[2019.01.28-20.14.02:909][  0]LogNetVersion: Set ProjectVersion to 1.0.0.0. Version Checksum will be recalculated on next use.
[2019.01.28-20.14.02:984][  0]LogDerivedDataCache: Saved boot cache 0.07s 87MB C:/Users/u1059105/AppData/Local/UnrealEngine/4.21/DerivedDataCache/Boot.ddc.
[2019.01.28-20.14.02:995][  0]LogInit: Texture streaming: Enabled
[2019.01.28-20.14.03:023][  0]LogEngineSessionManager: EngineSessionManager initialized
[2019.01.28-20.14.03:049][  0]LogInit: Transaction tracking system initialized
[2019.01.28-20.14.03:128][  0]BlueprintLog: New page: Editor Load
[2019.01.28-20.14.03:433][  0]LocalizationService: Localization service is disabled
[2019.01.28-20.14.04:041][  0]LogFileCache: Scanning file cache for directory 'C:/Users/u1059105/Documents/GitHub/IL_Whitebox/IL_AssetPipeline_002/Content/' took 0.02s
[2019.01.28-20.14.04:041][  0]LogCook: Display: Max memory allowance for cook 16384mb min free memory 0mb
[2019.01.28-20.14.04:041][  0]LogCook: Display: Mobile HDR setting 1
[2019.01.28-20.14.04:042][  0]LogGameplayTags: Display: UGameplayTagsManager::DoneAddingNativeTags. DelegateIsBound: 0
[2019.01.28-20.14.04:042][  0]LogStats: UGameplayTagsManager::ConstructGameplayTagTree: ImportINI prefixes -  0.000 s
[2019.01.28-20.14.04:042][  0]LogStats: UGameplayTagsManager::ConstructGameplayTagTree: Construct from data asset -  0.000 s
[2019.01.28-20.14.04:042][  0]LogStats: UGameplayTagsManager::ConstructGameplayTagTree: ImportINI -  0.000 s
[2019.01.28-20.14.04:042][  0]LogStats: UGameplayTagsManager::ConstructGameplayTagTree: GameplayTagTreeChangedEvent.Broadcast -  0.000 s
[2019.01.28-20.14.04:314][  0]LogHoudiniEngineEditor: Starting the Houdini Engine Editor module.
[2019.01.28-20.14.04:323][  0]LogHoudiniEngineEditor: Houdini Engine Editor module startup complete.
[2019.01.28-20.14.04:454][  0]SourceControl: Source control is disabled
[2019.01.28-20.14.04:455][  0]Cmd: MAP LOAD FILE="../../../Engine/Content/Maps/Templates/Template_Default.umap" TEMPLATE=1 SHOWPROGRESS=1 FEATURELEVEL=3
[2019.01.28-20.14.04:456][  0]LightingResults: New page: Lighting Build
[2019.01.28-20.14.04:474][  0]MapCheck: New page: Map Check
[2019.01.28-20.14.04:474][  0]LightingResults: New page: Lighting Build
[2019.01.28-20.14.04:744][  0]LogAIModule: Creating AISystem for world Untitled_1
[2019.01.28-20.14.04:779][  0]LogEditorServer: Finished looking for orphan Actors (0.000 secs)
[2019.01.28-20.14.04:824][  0]Cmd: MAP CHECKDEP NOCLEARLOG
[2019.01.28-20.14.04:824][  0]MapCheck: Map check complete: 0 Error(s), 0 Warning(s), took 0.194ms to complete.
[2019.01.28-20.14.04:824][  0]LogFileHelpers: Loading map 'Template_Default' took 0.370
[2019.01.28-20.14.04:992][  0]LogSlate: Updating window title bar state: overlay mode, drag disabled, window buttons hidden, title bar hidden
[2019.01.28-20.14.04:999][  0]LogSlate: Updating window title bar state: overlay mode, drag disabled, window buttons hidden, title bar hidden
[2019.01.28-20.14.05:006][  0]LogSlate: Updating window title bar state: overlay mode, drag disabled, window buttons hidden, title bar hidden
[2019.01.28-20.14.05:011][  0]LogSlate: Updating window title bar state: overlay mode, drag disabled, window buttons hidden, title bar hidden
[2019.01.28-20.14.05:035][  0]LogCollectionManager: Loaded 0 collections in 0.001622 seconds
[2019.01.28-20.14.05:098][  0]LogFileCache: Scanning file cache for directory 'C:/Users/u1059105/Documents/GitHub/IL_Whitebox/IL_AssetPipeline_002/Saved/Collections/' took 0.01s
[2019.01.28-20.14.05:098][  0]LogFileCache: Scanning file cache for directory 'C:/Users/u1059105/Documents/GitHub/IL_Whitebox/IL_AssetPipeline_002/Content/Developers/u1059105/Collections/' took 0.01s
[2019.01.28-20.14.05:098][  0]LogFileCache: Scanning file cache for directory 'C:/Users/u1059105/Documents/GitHub/IL_Whitebox/IL_AssetPipeline_002/Content/Collections/' took 0.01s
[2019.01.28-20.14.05:098][  0]LogCollectionManager: Rebuilt the GUID cache for 0 collections in 0.000000 seconds
[2019.01.28-20.14.05:111][  0]LogContentBrowser: Native class hierarchy populated in 0.0091 seconds. Added 2689 classes and 627 folders.
[2019.01.28-20.14.05:133][  0]LogContentBrowser: Native class hierarchy updated for 'WidgetCarousel' in 0.0004 seconds. Added 0 classes and 0 folders.
[2019.01.28-20.14.05:146][  0]LogPakFile: Registered encryption key '00000000000000000000000000000000': 0 pak files mounted, 0 remain pending
[2019.01.28-20.14.05:156][  0]LogPakFile: Registered encryption key '00000000000000000000000000000000': 0 pak files mounted, 0 remain pending
[2019.01.28-20.14.05:189][  0]LogPakFile: Registered encryption key '00000000000000000000000000000000': 0 pak files mounted, 0 remain pending
[2019.01.28-20.14.05:197][  0]LogPakFile: Registered encryption key '00000000000000000000000000000000': 0 pak files mounted, 0 remain pending
[2019.01.28-20.14.05:204][  0]LogPakFile: Registered encryption key '00000000000000000000000000000000': 0 pak files mounted, 0 remain pending
[2019.01.28-20.14.05:212][  0]LogPakFile: Registered encryption key '00000000000000000000000000000000': 0 pak files mounted, 0 remain pending
[2019.01.28-20.14.05:219][  0]LogPakFile: Registered encryption key '00000000000000000000000000000000': 0 pak files mounted, 0 remain pending
[2019.01.28-20.14.05:226][  0]LogPakFile: Registered encryption key '00000000000000000000000000000000': 0 pak files mounted, 0 remain pending
[2019.01.28-20.14.05:235][  0]LogPakFile: Registered encryption key '00000000000000000000000000000000': 0 pak files mounted, 0 remain pending
[2019.01.28-20.14.05:244][  0]LogPakFile: Registered encryption key '00000000000000000000000000000000': 0 pak files mounted, 0 remain pending
[2019.01.28-20.14.05:250][  0]LogPakFile: Registered encryption key '00000000000000000000000000000000': 0 pak files mounted, 0 remain pending
[2019.01.28-20.14.05:256][  0]LogPakFile: Registered encryption key '00000000000000000000000000000000': 0 pak files mounted, 0 remain pending
[2019.01.28-20.14.05:264][  0]LogPakFile: Registered encryption key '00000000000000000000000000000000': 0 pak files mounted, 0 remain pending
[2019.01.28-20.14.05:271][  0]LogPakFile: Registered encryption key '00000000000000000000000000000000': 0 pak files mounted, 0 remain pending
[2019.01.28-20.14.05:278][  0]LogPakFile: Registered encryption key '00000000000000000000000000000000': 0 pak files mounted, 0 remain pending
[2019.01.28-20.14.05:285][  0]LogPakFile: Registered encryption key '00000000000000000000000000000000': 0 pak files mounted, 0 remain pending
[2019.01.28-20.14.05:329][  0]LogPakFile: Registered encryption key '00000000000000000000000000000000': 0 pak files mounted, 0 remain pending
[2019.01.28-20.14.05:338][  0]LogPakFile: Registered encryption key '00000000000000000000000000000000': 0 pak files mounted, 0 remain pending
[2019.01.28-20.14.05:344][  0]LogPakFile: Registered encryption key '00000000000000000000000000000000': 0 pak files mounted, 0 remain pending
[2019.01.28-20.14.05:352][  0]LogPakFile: Registered encryption key '00000000000000000000000000000000': 0 pak files mounted, 0 remain pending
[2019.01.28-20.14.05:395][  0]LogPakFile: Registered encryption key '00000000000000000000000000000000': 0 pak files mounted, 0 remain pending
[2019.01.28-20.14.05:402][  0]LogPakFile: Registered encryption key '00000000000000000000000000000000': 0 pak files mounted, 0 remain pending
[2019.01.28-20.14.05:409][  0]LogPakFile: Registered encryption key '00000000000000000000000000000000': 0 pak files mounted, 0 remain pending
[2019.01.28-20.14.05:417][  0]LogPakFile: Registered encryption key '00000000000000000000000000000000': 0 pak files mounted, 0 remain pending
[2019.01.28-20.14.05:425][  0]LogPakFile: Registered encryption key '00000000000000000000000000000000': 0 pak files mounted, 0 remain pending
[2019.01.28-20.14.05:431][  0]LogPakFile: Registered encryption key '00000000000000000000000000000000': 0 pak files mounted, 0 remain pending
[2019.01.28-20.14.05:612][  0]LogContentBrowser: Native class hierarchy updated for 'AddContentDialog' in 0.0002 seconds. Added 0 classes and 0 folders.
[2019.01.28-20.14.05:628][  0]LogContentBrowser: Native class hierarchy updated for 'SceneOutliner' in 0.0002 seconds. Added 1 classes and 2 folders.
[2019.01.28-20.14.05:697][  0]LogSlate: Took 0.007134 seconds to synchronously load lazily loaded font '../../../Engine/Content/Slate/Fonts/Roboto-Regular.ttf' (155K)
[2019.01.28-20.14.05:706][  0]LogSlate: Took 0.006369 seconds to synchronously load lazily loaded font '../../../Engine/Content/Slate/Fonts/Roboto-Bold.ttf' (160K)
[2019.01.28-20.14.05:719][  0]LogSlate: Took 0.006293 seconds to synchronously load lazily loaded font '../../../Engine/Content/Editor/Slate/Fonts/FontAwesome.ttf' (139K)
[2019.01.28-20.14.05:879][  0]LogRenderer: Reallocating scene render targets to support 1208x576 Format 10 NumSamples 1 (Frame:1).
[2019.01.28-20.14.06:260][  0]LogSlate: FSceneViewport::OnFocusLost() reason 2
[2019.01.28-20.14.06:275][  0]LogSlate: Window 'Tutorials' being destroyed
[2019.01.28-20.14.06:315][  0]LogContentBrowser: Native class hierarchy updated for 'HierarchicalLODOutliner' in 0.0002 seconds. Added 0 classes and 0 folders.
[2019.01.28-20.14.06:315][  0]LogLoad: (Engine Initialization) Total time: 33.02 seconds
[2019.01.28-20.14.06:315][  0]LogLoad: (Engine Initialization) Total Blueprint compile time: 0.00 seconds
[2019.01.28-20.14.06:326][  0]LogWindowsTextInputMethodSystem: Display: IME system now deactivated.
[2019.01.28-20.14.06:394][  0]LogContentStreaming: Texture pool size now 1000 MB
[2019.01.28-20.14.06:403][  0]LogSlate: Took 0.005966 seconds to synchronously load lazily loaded font '../../../Engine/Content/Slate/Fonts/Roboto-Light.ttf' (167K)
[2019.01.28-20.14.06:449][  1]LogAssetRegistry: Asset discovery search completed in 20.3117 seconds
[2019.01.28-20.14.06:450][  1]LogCollectionManager: Rebuilt the object cache for 0 collections in 0.000000 seconds (found 0 objects)
[2019.01.28-20.14.06:450][  1]LogCollectionManager: Fixed up redirectors for 0 collections in 0.000047 seconds (updated 0 objects)
[2019.01.28-20.14.13:132][770]LogSlate: FSceneViewport::OnFocusLost() reason 0
[2019.01.28-20.14.13:399][773]LogMaterial: Display: Missing cached shader map for material SM_hatMat, compiling. 
[2019.01.28-20.14.13:440][773]LogShaderCompilers: Display: Shaders left to compile 22
[2019.01.28-20.14.13:440][773]LogShaderCompilers: Display: Shaders left to compile 12
[2019.01.28-20.14.13:440][773]LogShaderCompilers: Display: Shaders left to compile 2
[2019.01.28-20.14.13:440][773]LogStaticMesh: Building static mesh mann...
[2019.01.28-20.14.13:608][773]LogStaticMesh: Built static mesh [0.17s] /Game/mann.mann
[2019.01.28-20.14.13:635][773]LogMaterial: Display: Missing cached shader map for material M_Whitebox_grass, compiling. 
[2019.01.28-20.14.13:658][773]LogShaderCompilers: Display: Shaders left to compile 22
[2019.01.28-20.14.13:658][773]LogMaterial: Display: Missing cached shader map for material MI_Whitebox_sidewalk, compiling. 
[2019.01.28-20.14.13:677][773]LogMaterial: Display: Missing cached shader map for material M_Whitebox_street, compiling. 
[2019.01.28-20.14.13:695][773]LogMaterial: Display: Missing cached shader map for material M_Whitebox_ITL, compiling. 
[2019.01.28-20.14.13:871][773]LogShaderCompilers: Display: Shaders left to compile 78
[2019.01.28-20.14.13:882][773]LogAIModule: Creating AISystem for world IL_Whitebox_MyCityBlock
[2019.01.28-20.14.15:219][882]LogShaderCompilers: Display: Shaders left to compile 68
[2019.01.28-20.14.15:635][913]LogShaderCompilers: Display: Shaders left to compile 58
[2019.01.28-20.14.16:722][ 34]LogShaderCompilers: Display: Shaders left to compile 48
[2019.01.28-20.14.16:862][ 47]LogShaderCompilers: Display: Shaders left to compile 38
[2019.01.28-20.14.17:173][ 81]LogShaderCompilers: Display: Shaders left to compile 28
[2019.01.28-20.14.18:763][249]LogShaderCompilers: Display: Shaders left to compile 18
[2019.01.28-20.14.18:821][255]LogShaderCompilers: Display: Shaders left to compile 8
[2019.01.28-20.14.27:538][202]LogAssetEditorManager: Opening Asset editor for World /Game/IL_Whitebox_MyCityBlock.IL_Whitebox_MyCityBlock
[2019.01.28-20.14.27:564][202]Cmd: MAP LOAD FILE="../../../../../../Users/u1059105/Documents/GitHub/IL_Whitebox/IL_AssetPipeline_002/Content/IL_Whitebox_MyCityBlock.umap" TEMPLATE=0 SHOWPROGRESS=1 FEATURELEVEL=3
[2019.01.28-20.14.27:564][202]LightingResults: New page: Lighting Build
[2019.01.28-20.14.27:565][202]LoadErrors: New page: Loading map: IL_Whitebox_MyCityBlock.umap
[2019.01.28-20.14.27:565][202]MapCheck: New page: Map Check
[2019.01.28-20.14.27:565][202]LightingResults: New page: Lighting Build
[2019.01.28-20.14.27:606][202]LogEditorServer: Finished looking for orphan Actors (0.000 secs)
[2019.01.28-20.14.27:703][202]Cmd: MAP CHECKDEP NOCLEARLOG
[2019.01.28-20.14.27:703][202]MapCheck: Map check complete: 0 Error(s), 0 Warning(s), took 0.191ms to complete.
[2019.01.28-20.14.27:705][202]LogFileHelpers: Loading map 'IL_Whitebox_MyCityBlock' took 0.141
[2019.01.28-20.14.29:756][342]Cmd: CAMERA ALIGN ACTIVEVIEWPORTONLY
[2019.01.28-20.14.42:392][644]Cmd: CAMERA ALIGN ACTIVEVIEWPORTONLY
[2019.01.28-20.16.53:717][475]LogEditorViewport: Clicking on Actor (LMB): BP_Sky_Sphere_C (Sky Sphere)
[2019.01.28-20.19.31:132][739]LogEditorViewport: Clicking on Actor (LMB): Brush (Linear Stair Brush)
[2019.01.28-20.19.32:024][835]LogEditorViewport: Clicking on Actor (LMB): Brush (Linear Stair Brush)
[2019.01.28-20.19.32:624][900]LogEditorViewport: Clicking on Actor (LMB): Brush (Linear Stair Brush)
[2019.01.28-20.19.32:989][937]LogEditorViewport: Clicking on Actor (double click): Brush (Linear Stair Brush)
[2019.01.28-20.19.36:132][294]LogEditorViewport: Clicking on Actor (LMB): Brush (Linear Stair Brush)
[2019.01.28-20.19.37:917][433]LogEditorViewport: Clicking on Actor (LMB): BP_Sky_Sphere_C (Sky Sphere)
[2019.01.28-20.19.44:170][ 78]Cmd: CAMERA ALIGN ACTIVEVIEWPORTONLY
[2019.01.28-20.20.08:633][905]Cmd: CAMERA ALIGN ACTIVEVIEWPORTONLY
[2019.01.28-20.20.16:861][386]Cmd: CAMERA ALIGN ACTIVEVIEWPORTONLY
[2019.01.28-20.20.53:053][581]Cmd: CAMERA ALIGN ACTIVEVIEWPORTONLY
[2019.01.28-20.21.03:294][609]LogEditorViewport: Clicking Background
[2019.01.28-20.21.04:563][757]Cmd: TRANSACTION UNDO
[2019.01.28-20.21.04:563][757]LogEditorTransaction: Undo Clicking Background
[2019.01.28-20.21.05:680][813]Cmd: TRANSACTION UNDO
[2019.01.28-20.21.05:680][813]LogEditorTransaction: Undo Apply Material to Surface
[2019.01.28-20.21.06:764][867]LogEditorViewport: Clicking on Actor (LMB): BP_Sky_Sphere_C (Sky Sphere)
[2019.01.28-20.21.25:637][940]LogSlate: Took 0.007891 seconds to synchronously load lazily loaded font '../../../Engine/Content/Slate/Fonts/Roboto-Italic.ttf' (157K)
[2019.01.28-20.21.33:593][841]Cmd: CAMERA ALIGN ACTIVEVIEWPORTONLY
[2019.01.28-20.21.46:534][  4]LogEditorViewport: Clicking on Actor (LMB): BP_Sky_Sphere_C (Sky Sphere)
[2019.01.28-20.24.14:576][156]Cmd: CAMERA ALIGN ACTIVEVIEWPORTONLY
[2019.01.28-20.24.17:568][455]LogEditorViewport: Clicking on Actor (LMB): BP_Sky_Sphere_C (Sky Sphere)
[2019.01.28-20.24.24:102][153]Cmd: CAMERA ALIGN ACTIVEVIEWPORTONLY
[2019.01.28-20.24.54:581][496]LogSlate: FSceneViewport::OnFocusLost() reason 2
[2019.01.28-20.24.56:048][496]LogSavePackage: Moving '../../../../../../Users/u1059105/Documents/GitHub/IL_Whitebox/IL_AssetPipeline_002/Saved/IL_Whitebox_MyCityBlock_Auto1060E6FE7478A3470625831872DA510E0.tmp' to '../../../../../../Users/u1059105/Documents/GitHub/IL_Whitebox/IL_AssetPipeline_002/Saved/Autosaves/Game/IL_Whitebox_MyCityBlock_Auto1.umap'
[2019.01.28-20.24.56:054][496]LogFileHelpers: Editor autosave (incl. sublevels) for '/Game/IL_Whitebox_MyCityBlock' took 1.449
[2019.01.28-20.24.56:054][496]LogFileHelpers: Editor autosave (incl. sublevels) for all levels took 1.449
[2019.01.28-20.26.37:081][110]LogEditorViewport: Clicking on Actor (LMB): BP_Sky_Sphere_C (Sky Sphere)
[2019.01.28-20.27.35:592][125]LogSlate: FSceneViewport::OnFocusLost() reason 2
[2019.01.28-20.27.36:584][220]LogEditorViewport: Clicking on Actor (LMB): BP_Sky_Sphere_C (Sky Sphere)
